[     835ms] [WARNING] ./src/components/Dropdown/NotificationDropdown/NotificationDropdown.jsx
Attempted import error: 'emptyMessage' is not exported from './NotificationDropdown.css.js' (imported as 'styles'). @ webpack-internal:///(app-pages-browser)/./node_modules/.pnpm/next@16.1.6_@babel+core@7.29.0_babel-plugin-react-compiler@1.0.0_react-dom@19.2.3_react@19.2.3__react@19.2.3/node_modules/next/dist/next-devtools/shared/forward-logs-shared.js:27
[     930ms] [ERROR] Failed to load resource: the server responded with a status of 401 (Unauthorized) @ http://localhost:3000/api/auth/me:0
[    1299ms] [WARNING] ./src/components/Dropdown/NotificationDropdown/NotificationDropdown.jsx
Attempted import error: 'emptyMessage' is not exported from './NotificationDropdown.css.js' (imported as 'styles'). @ webpack-internal:///(app-pages-browser)/./node_modules/.pnpm/next@16.1.6_@babel+core@7.29.0_babel-plugin-react-compiler@1.0.0_react-dom@19.2.3_react@19.2.3__react@19.2.3/node_modules/next/dist/next-devtools/shared/forward-logs-shared.js:27
[   12228ms] [ERROR] Failed to load resource: the server responded with a status of 401 (Unauthorized) @ http://localhost:3000/api/auth/login:0
[  510685ms] [WARNING] ./src/components/Dropdown/NotificationDropdown/NotificationDropdown.jsx
Attempted import error: 'emptyMessage' is not exported from './NotificationDropdown.css.js' (imported as 'styles'). @ webpack-internal:///(app-pages-browser)/./node_modules/.pnpm/next@16.1.6_@babel+core@7.29.0_babel-plugin-react-compiler@1.0.0_react-dom@19.2.3_react@19.2.3__react@19.2.3/node_modules/next/dist/next-devtools/shared/forward-logs-shared.js:27
[  510723ms] [ERROR] Failed to load resource: the server responded with a status of 401 (Unauthorized) @ http://localhost:3000/api/auth/me:0
[  510850ms] TypeError: Cannot read properties of undefined (reading 'map')
    at AdminChallenges (webpack-internal:///(app-pages-browser)/./src/domain/Challenges/Components/AdminChallenges.jsx:163:25)
    at Object.react_stack_bottom_frame (webpack-internal:///(app-pages-browser)/./node_modules/.pnpm/next@16.1.6_@babel+core@7.29.0_babel-plugin-react-compiler@1.0.0_react-dom@19.2.3_react@19.2.3__react@19.2.3/node_modules/next/dist/compiled/react-dom/cjs/react-dom-client.development.js:28039:20)
    at renderWithHooks (webpack-internal:///(app-pages-browser)/./node_modules/.pnpm/next@16.1.6_@babel+core@7.29.0_babel-plugin-react-compiler@1.0.0_react-dom@19.2.3_react@19.2.3__react@19.2.3/node_modules/next/dist/compiled/react-dom/cjs/react-dom-client.development.js:7985:22)
    at updateFunctionComponent (webpack-internal:///(app-pages-browser)/./node_modules/.pnpm/next@16.1.6_@babel+core@7.29.0_babel-plugin-react-compiler@1.0.0_react-dom@19.2.3_react@19.2.3__react@19.2.3/node_modules/next/dist/compiled/react-dom/cjs/react-dom-client.development.js:10502:19)
    at beginWork (webpack-internal:///(app-pages-browser)/./node_modules/.pnpm/next@16.1.6_@babel+core@7.29.0_babel-plugin-react-compiler@1.0.0_react-dom@19.2.3_react@19.2.3__react@19.2.3/node_modules/next/dist/compiled/react-dom/cjs/react-dom-client.development.js:12137:18)
    at runWithFiberInDEV (webpack-internal:///(app-pages-browser)/./node_modules/.pnpm/next@16.1.6_@babel+core@7.29.0_babel-plugin-react-compiler@1.0.0_react-dom@19.2.3_react@19.2.3__react@19.2.3/node_modules/next/dist/compiled/react-dom/cjs/react-dom-client.development.js:987:30)
    at performUnitOfWork (webpack-internal:///(app-pages-browser)/./node_modules/.pnpm/next@16.1.6_@babel+core@7.29.0_babel-plugin-react-compiler@1.0.0_react-dom@19.2.3_react@19.2.3__react@19.2.3/node_modules/next/dist/compiled/react-dom/cjs/react-dom-client.development.js:18998:22)
    at workLoopSync (webpack-internal:///(app-pages-browser)/./node_modules/.pnpm/next@16.1.6_@babel+core@7.29.0_babel-plugin-react-compiler@1.0.0_react-dom@19.2.3_react@19.2.3__react@19.2.3/node_modules/next/dist/compiled/react-dom/cjs/react-dom-client.development.js:18826:41)
    at renderRootSync (webpack-internal:///(app-pages-browser)/./node_modules/.pnpm/next@16.1.6_@babel+core@7.29.0_babel-plugin-react-compiler@1.0.0_react-dom@19.2.3_react@19.2.3__react@19.2.3/node_modules/next/dist/compiled/react-dom/cjs/react-dom-client.development.js:18807:11)
    at performWorkOnRoot (webpack-internal:///(app-pages-browser)/./node_modules/.pnpm/next@16.1.6_@babel+core@7.29.0_babel-plugin-react-compiler@1.0.0_react-dom@19.2.3_react@19.2.3__react@19.2.3/node_modules/next/dist/compiled/react-dom/cjs/react-dom-client.development.js:17915:35)
    at performWorkOnRootViaSchedulerTask (webpack-internal:///(app-pages-browser)/./node_modules/.pnpm/next@16.1.6_@babel+core@7.29.0_babel-plugin-react-compiler@1.0.0_react-dom@19.2.3_react@19.2.3__react@19.2.3/node_modules/next/dist/compiled/react-dom/cjs/react-dom-client.development.js:20385:7)
    at MessagePort.performWorkUntilDeadline (webpack-internal:///(app-pages-browser)/./node_modules/.pnpm/next@16.1.6_@babel+core@7.29.0_babel-plugin-react-compiler@1.0.0_react-dom@19.2.3_react@19.2.3__react@19.2.3/node_modules/next/dist/compiled/scheduler/cjs/scheduler.development.js:45:48)
[  520648ms] [WARNING] ./src/components/Dropdown/NotificationDropdown/NotificationDropdown.jsx
Attempted import error: 'emptyMessage' is not exported from './NotificationDropdown.css.js' (imported as 'styles'). @ webpack-internal:///(app-pages-browser)/./node_modules/.pnpm/next@16.1.6_@babel+core@7.29.0_babel-plugin-react-compiler@1.0.0_react-dom@19.2.3_react@19.2.3__react@19.2.3/node_modules/next/dist/next-devtools/shared/forward-logs-shared.js:27
[  520673ms] [ERROR] Failed to load resource: the server responded with a status of 401 (Unauthorized) @ http://localhost:3000/api/auth/me:0
[ 1103566ms] [ERROR] Failed to load resource: the server responded with a status of 401 (Unauthorized) @ http://localhost:3000/api/auth/login:0
