[    3590ms] [WARNING] [Fast Refresh] performing full reload

Fast Refresh will perform a full reload when you edit a file that's imported by modules outside of the React rendering tree.
You might have a file which exports a React component but also exports a value that is imported by a non-React component file.
Consider migrating the non-React component export to a separate file and importing it into both files.

It is also possible the parent component of the component you edited is a class component, which disables Fast Refresh.
Fast Refresh requires at least one parent function component in your React tree. @ webpack-internal:///(app-pages-browser)/./node_modules/.pnpm/next@16.1.6_@babel+core@7.29.0_babel-plugin-react-compiler@1.0.0_react-dom@19.2.3_react@19.2.3__react@19.2.3/node_modules/next/dist/next-devtools/shared/forward-logs-shared.js:27
[    5285ms] TypeError: Cannot read properties of undefined (reading 'length')
    at UserManagement (webpack-internal:///(app-pages-browser)/./src/domain/UserManagement/Components/UserManagement.jsx:63:32)
    at Object.react_stack_bottom_frame (webpack-internal:///(app-pages-browser)/./node_modules/.pnpm/next@16.1.6_@babel+core@7.29.0_babel-plugin-react-compiler@1.0.0_react-dom@19.2.3_react@19.2.3__react@19.2.3/node_modules/next/dist/compiled/react-dom/cjs/react-dom-client.development.js:28039:20)
    at renderWithHooks (webpack-internal:///(app-pages-browser)/./node_modules/.pnpm/next@16.1.6_@babel+core@7.29.0_babel-plugin-react-compiler@1.0.0_react-dom@19.2.3_react@19.2.3__react@19.2.3/node_modules/next/dist/compiled/react-dom/cjs/react-dom-client.development.js:7985:22)
    at updateFunctionComponent (webpack-internal:///(app-pages-browser)/./node_modules/.pnpm/next@16.1.6_@babel+core@7.29.0_babel-plugin-react-compiler@1.0.0_react-dom@19.2.3_react@19.2.3__react@19.2.3/node_modules/next/dist/compiled/react-dom/cjs/react-dom-client.development.js:10502:19)
    at beginWork (webpack-internal:///(app-pages-browser)/./node_modules/.pnpm/next@16.1.6_@babel+core@7.29.0_babel-plugin-react-compiler@1.0.0_react-dom@19.2.3_react@19.2.3__react@19.2.3/node_modules/next/dist/compiled/react-dom/cjs/react-dom-client.development.js:12137:18)
    at runWithFiberInDEV (webpack-internal:///(app-pages-browser)/./node_modules/.pnpm/next@16.1.6_@babel+core@7.29.0_babel-plugin-react-compiler@1.0.0_react-dom@19.2.3_react@19.2.3__react@19.2.3/node_modules/next/dist/compiled/react-dom/cjs/react-dom-client.development.js:987:30)
    at performUnitOfWork (webpack-internal:///(app-pages-browser)/./node_modules/.pnpm/next@16.1.6_@babel+core@7.29.0_babel-plugin-react-compiler@1.0.0_react-dom@19.2.3_react@19.2.3__react@19.2.3/node_modules/next/dist/compiled/react-dom/cjs/react-dom-client.development.js:18998:22)
    at workLoopSync (webpack-internal:///(app-pages-browser)/./node_modules/.pnpm/next@16.1.6_@babel+core@7.29.0_babel-plugin-react-compiler@1.0.0_react-dom@19.2.3_react@19.2.3__react@19.2.3/node_modules/next/dist/compiled/react-dom/cjs/react-dom-client.development.js:18826:41)
    at renderRootSync (webpack-internal:///(app-pages-browser)/./node_modules/.pnpm/next@16.1.6_@babel+core@7.29.0_babel-plugin-react-compiler@1.0.0_react-dom@19.2.3_react@19.2.3__react@19.2.3/node_modules/next/dist/compiled/react-dom/cjs/react-dom-client.development.js:18807:11)
    at performWorkOnRoot (webpack-internal:///(app-pages-browser)/./node_modules/.pnpm/next@16.1.6_@babel+core@7.29.0_babel-plugin-react-compiler@1.0.0_react-dom@19.2.3_react@19.2.3__react@19.2.3/node_modules/next/dist/compiled/react-dom/cjs/react-dom-client.development.js:17915:35)
    at performWorkOnRootViaSchedulerTask (webpack-internal:///(app-pages-browser)/./node_modules/.pnpm/next@16.1.6_@babel+core@7.29.0_babel-plugin-react-compiler@1.0.0_react-dom@19.2.3_react@19.2.3__react@19.2.3/node_modules/next/dist/compiled/react-dom/cjs/react-dom-client.development.js:20385:7)
    at MessagePort.performWorkUntilDeadline (webpack-internal:///(app-pages-browser)/./node_modules/.pnpm/next@16.1.6_@babel+core@7.29.0_babel-plugin-react-compiler@1.0.0_react-dom@19.2.3_react@19.2.3__react@19.2.3/node_modules/next/dist/compiled/scheduler/cjs/scheduler.development.js:45:48)
[   18655ms] [WARNING] [Fast Refresh] performing full reload because your application had an unrecoverable error @ webpack-internal:///(app-pages-browser)/./node_modules/.pnpm/next@16.1.6_@babel+core@7.29.0_babel-plugin-react-compiler@1.0.0_react-dom@19.2.3_react@19.2.3__react@19.2.3/node_modules/next/dist/next-devtools/shared/forward-logs-shared.js:27
[   20209ms] TypeError: Cannot read properties of undefined (reading 'length')
    at UserManagement (webpack-internal:///(app-pages-browser)/./src/domain/UserManagement/Components/UserManagement.jsx:63:32)
    at Object.react_stack_bottom_frame (webpack-internal:///(app-pages-browser)/./node_modules/.pnpm/next@16.1.6_@babel+core@7.29.0_babel-plugin-react-compiler@1.0.0_react-dom@19.2.3_react@19.2.3__react@19.2.3/node_modules/next/dist/compiled/react-dom/cjs/react-dom-client.development.js:28039:20)
    at renderWithHooks (webpack-internal:///(app-pages-browser)/./node_modules/.pnpm/next@16.1.6_@babel+core@7.29.0_babel-plugin-react-compiler@1.0.0_react-dom@19.2.3_react@19.2.3__react@19.2.3/node_modules/next/dist/compiled/react-dom/cjs/react-dom-client.development.js:7985:22)
    at updateFunctionComponent (webpack-internal:///(app-pages-browser)/./node_modules/.pnpm/next@16.1.6_@babel+core@7.29.0_babel-plugin-react-compiler@1.0.0_react-dom@19.2.3_react@19.2.3__react@19.2.3/node_modules/next/dist/compiled/react-dom/cjs/react-dom-client.development.js:10502:19)
    at beginWork (webpack-internal:///(app-pages-browser)/./node_modules/.pnpm/next@16.1.6_@babel+core@7.29.0_babel-plugin-react-compiler@1.0.0_react-dom@19.2.3_react@19.2.3__react@19.2.3/node_modules/next/dist/compiled/react-dom/cjs/react-dom-client.development.js:12137:18)
    at runWithFiberInDEV (webpack-internal:///(app-pages-browser)/./node_modules/.pnpm/next@16.1.6_@babel+core@7.29.0_babel-plugin-react-compiler@1.0.0_react-dom@19.2.3_react@19.2.3__react@19.2.3/node_modules/next/dist/compiled/react-dom/cjs/react-dom-client.development.js:987:30)
    at performUnitOfWork (webpack-internal:///(app-pages-browser)/./node_modules/.pnpm/next@16.1.6_@babel+core@7.29.0_babel-plugin-react-compiler@1.0.0_react-dom@19.2.3_react@19.2.3__react@19.2.3/node_modules/next/dist/compiled/react-dom/cjs/react-dom-client.development.js:18998:22)
    at workLoopSync (webpack-internal:///(app-pages-browser)/./node_modules/.pnpm/next@16.1.6_@babel+core@7.29.0_babel-plugin-react-compiler@1.0.0_react-dom@19.2.3_react@19.2.3__react@19.2.3/node_modules/next/dist/compiled/react-dom/cjs/react-dom-client.development.js:18826:41)
    at renderRootSync (webpack-internal:///(app-pages-browser)/./node_modules/.pnpm/next@16.1.6_@babel+core@7.29.0_babel-plugin-react-compiler@1.0.0_react-dom@19.2.3_react@19.2.3__react@19.2.3/node_modules/next/dist/compiled/react-dom/cjs/react-dom-client.development.js:18807:11)
    at performWorkOnRoot (webpack-internal:///(app-pages-browser)/./node_modules/.pnpm/next@16.1.6_@babel+core@7.29.0_babel-plugin-react-compiler@1.0.0_react-dom@19.2.3_react@19.2.3__react@19.2.3/node_modules/next/dist/compiled/react-dom/cjs/react-dom-client.development.js:17915:35)
    at performWorkOnRootViaSchedulerTask (webpack-internal:///(app-pages-browser)/./node_modules/.pnpm/next@16.1.6_@babel+core@7.29.0_babel-plugin-react-compiler@1.0.0_react-dom@19.2.3_react@19.2.3__react@19.2.3/node_modules/next/dist/compiled/react-dom/cjs/react-dom-client.development.js:20385:7)
    at MessagePort.performWorkUntilDeadline (webpack-internal:///(app-pages-browser)/./node_modules/.pnpm/next@16.1.6_@babel+core@7.29.0_babel-plugin-react-compiler@1.0.0_react-dom@19.2.3_react@19.2.3__react@19.2.3/node_modules/next/dist/compiled/scheduler/cjs/scheduler.development.js:45:48)
